\BOOKMARK [0][-]{chapter.1}{Introdu\347\343o}{}% 1
\BOOKMARK [1][-]{section.1.1}{Motiva\347\343o}{chapter.1}% 2
\BOOKMARK [2][-]{subsection.1.1.1}{Retorno}{section.1.1}% 3
\BOOKMARK [1][-]{section.1.2}{Problema}{chapter.1}% 4
\BOOKMARK [1][-]{section.1.3}{Objetivos}{chapter.1}% 5
\BOOKMARK [0][-]{chapter.2}{O Conselho Administrativo de Defesa Econ\364mica \(CADE\)}{}% 6
\BOOKMARK [1][-]{section.2.1}{Quem \351 o CADE?}{chapter.2}% 7
\BOOKMARK [1][-]{section.2.2}{Atos de Concentra\347\343o Econ\364mica}{chapter.2}% 8
\BOOKMARK [2][-]{subsection.2.2.1}{Opera\347\365es}{section.2.2}% 9
\BOOKMARK [1][-]{section.2.3}{Base de Dados P\372blica}{chapter.2}% 10
\BOOKMARK [2][-]{subsection.2.3.1}{Heur\355stica de Sele\347\343o de Tipos de Documentos}{section.2.3}% 11
\BOOKMARK [1][-]{section.2.4}{Ritos de um Ato de Concentra\347\343o}{chapter.2}% 12
\BOOKMARK [0][-]{chapter.3}{Processamento de Linguagem Natural \(PLN\)}{}% 13
\BOOKMARK [1][-]{section.3.1}{Corpus}{chapter.3}% 14
\BOOKMARK [2][-]{subsection.3.1.1}{Cria\347\343o do Corpus}{section.3.1}% 15
\BOOKMARK [2][-]{subsection.3.1.2}{Anota\347\365es}{section.3.1}% 16
\BOOKMARK [1][-]{section.3.2}{Tokeniza\347\343o}{chapter.3}% 17
\BOOKMARK [2][-]{subsection.3.2.1}{Tokeniza\347\343o nas Notifica\347\365es dos Atos de Concentra\347\343o}{section.3.2}% 18
\BOOKMARK [1][-]{section.3.3}{Detec\347\343o de Seten\347as}{chapter.3}% 19
\BOOKMARK [2][-]{subsection.3.3.1}{Detec\347\343o de Senten\347as nas Notifica\347\365es dos Atos de Concentra\347\343o}{section.3.3}% 20
\BOOKMARK [0][-]{chapter.4}{Reconhecimento de Entidades Mencionadas \(REM\)}{}% 21
\BOOKMARK [1][-]{section.4.1}{Entidades Mencionadas}{chapter.4}% 22
\BOOKMARK [1][-]{section.4.2}{Reconhecimento e Classifica\347\343o}{chapter.4}% 23
\BOOKMARK [2][-]{subsection.4.2.1}{Reconhecimento de Entidades Mencionadas nas Notifica\347\365es dos Atos de Concentra\347\343o}{section.4.2}% 24
\BOOKMARK [1][-]{section.4.3}{Avalia\347\343o das Informa\347\365es Extra\355das}{chapter.4}% 25
\BOOKMARK [2][-]{subsection.4.3.1}{Padr\343o-ouro}{section.4.3}% 26
\BOOKMARK [2][-]{subsection.4.3.2}{Tipos de Erro}{section.4.3}% 27
\BOOKMARK [2][-]{subsection.4.3.3}{M\351tricas de Avalia\347\343o}{section.4.3}% 28
\BOOKMARK [0][-]{chapter.5}{Ferramentas Utilizadas}{}% 29
\BOOKMARK [1][-]{section.5.1}{BRAT}{chapter.5}% 30
\BOOKMARK [2][-]{subsection.5.1.1}{Visualiza\347\343o dos Dados via Browser}{section.5.1}% 31
\BOOKMARK [2][-]{subsection.5.1.2}{Configura\347\365es}{section.5.1}% 32
\BOOKMARK [2][-]{subsection.5.1.3}{Anota\347\365es nos Atos de Concentra\347\365es Econ\364micas}{section.5.1}% 33
\BOOKMARK [1][-]{section.5.2}{Apache OpenNLP}{chapter.5}% 34
\BOOKMARK [2][-]{subsection.5.2.1}{Tokenizer}{section.5.2}% 35
\BOOKMARK [2][-]{subsection.5.2.2}{Sentence Detector}{section.5.2}% 36
\BOOKMARK [2][-]{subsection.5.2.3}{Name Finder}{section.5.2}% 37
\BOOKMARK [0][-]{chapter.6}{Resultados}{}% 38
\BOOKMARK [1][-]{section.6.1}{Valida\347\343o Cruzada}{chapter.6}% 39
\BOOKMARK [2][-]{subsection.6.1.1}{Obtendo Valores}{section.6.1}% 40
\BOOKMARK [2][-]{subsection.6.1.2}{Interpreta\347\343o}{section.6.1}% 41
\BOOKMARK [0][-]{chapter.7}{Conclus\343o}{}% 42
\BOOKMARK [1][-]{section.7.1}{Dificuldades encontradas}{chapter.7}% 43
\BOOKMARK [1][-]{section.7.2}{Pr\363ximo Passo}{chapter.7}% 44
